#
# There is insufficient memory for the Java Runtime Environment to continue.
# Native memory allocation (malloc) failed to allocate 1286256 bytes for Chunk::new
# Possible reasons:
#   The system is out of physical RAM or swap space
#   The process is running with CompressedOops enabled, and the Java Heap may be blocking the growth of the native heap
# Possible solutions:
#   Reduce memory load on the system
#   Increase physical memory or swap space
#   Check if swap backing store is full
#   Decrease Java heap size (-Xmx/-Xms)
#   Decrease number of Java threads
#   Decrease Java thread stack sizes (-Xss)
#   Set larger code cache with -XX:ReservedCodeCacheSize=
#   JVM is running with Unscaled Compressed Oops mode in which the Java heap is
#     placed in the first 4GB address space. The Java Heap base address is the
#     maximum limit for the native heap growth. Please use -XX:HeapBaseMinAddress
#     to set the Java Heap base and to place the Java Heap above 4GB virtual address.
# This output file may be truncated or incomplete.
#
#  Out of Memory Error (allocation.cpp:389), pid=3052, tid=0x00000000000006c0
#
# JRE version: OpenJDK Runtime Environment (8.0_242-b01) (build 1.8.0_242-release-1644-b01)
# Java VM: OpenJDK 64-Bit Server VM (25.242-b01 mixed mode windows-amd64 compressed oops)
# Failed to write core dump. Minidumps are not enabled by default on client versions of Windows
#

---------------  T H R E A D  ---------------

Current thread (0x00000000166cd000):  JavaThread "C2 CompilerThread1" daemon [_thread_in_native, id=1728, stack(0x0000000018e90000,0x0000000018f90000)]

Stack: [0x0000000018e90000,0x0000000018f90000]
[error occurred during error reporting (printing stack bounds), id 0xc0000005]

Native frames: (J=compiled Java code, j=interpreted, Vv=VM code, C=native code)


Current CompileTask:
C2: 119951 10936   !   4       java.io.ObjectInputStream::readObject0 (671 bytes)


---------------  P R O C E S S  ---------------

Java Threads: ( => current thread )
  0x000000001dde1000 JavaThread "stdout" [_thread_in_native, id=11932, stack(0x000000002d510000,0x000000002d610000)]
  0x000000001dde5800 JavaThread "stderr" [_thread_in_native, id=5964, stack(0x000000002d410000,0x000000002d510000)]
  0x000000001dde5000 JavaThread "stdout" [_thread_in_native, id=11704, stack(0x000000002d310000,0x000000002d410000)]
  0x000000001dde4000 JavaThread "stderr" [_thread_in_native, id=10552, stack(0x000000002d210000,0x000000002d310000)]
  0x000000001a25c000 JavaThread "stdout" [_thread_in_native, id=9436, stack(0x000000002d110000,0x000000002d210000)]
  0x000000001a25b800 JavaThread "stderr" [_thread_in_native, id=5868, stack(0x000000002d010000,0x000000002d110000)]
  0x000000001a25a800 JavaThread "stdout" [_thread_in_native, id=5080, stack(0x000000002cf10000,0x000000002d010000)]
  0x000000001a25a000 JavaThread "stderr" [_thread_in_native, id=9200, stack(0x000000002ce10000,0x000000002cf10000)]
  0x000000001a252800 JavaThread "stdout" [_thread_in_native, id=11276, stack(0x000000002cd10000,0x000000002ce10000)]
  0x000000001a259000 JavaThread "stderr" [_thread_in_native, id=11696, stack(0x000000002cc10000,0x000000002cd10000)]
  0x000000001a251800 JavaThread "stdout" [_thread_in_native, id=9344, stack(0x000000002cb10000,0x000000002cc10000)]
  0x000000001a257800 JavaThread "stderr" [_thread_in_native, id=7628, stack(0x000000002ca10000,0x000000002cb10000)]
  0x000000001a250000 JavaThread "WorkerExecutor Queue Thread 8" [_thread_blocked, id=1292, stack(0x000000002c910000,0x000000002ca10000)]
  0x000000001a257000 JavaThread "stdout" [_thread_in_native, id=9020, stack(0x000000002c810000,0x000000002c910000)]
  0x000000001a255800 JavaThread "stderr" [_thread_in_native, id=9228, stack(0x000000002c710000,0x000000002c810000)]
  0x000000001a253000 JavaThread "WorkerExecutor Queue Thread 7" [_thread_blocked, id=12736, stack(0x000000002c610000,0x000000002c710000)]
  0x000000001a24e000 JavaThread "WorkerExecutor Queue Thread 6" [_thread_blocked, id=10512, stack(0x000000002c510000,0x000000002c610000)]
  0x000000001a24f800 JavaThread "stdout" [_thread_in_native, id=7360, stack(0x000000002c410000,0x000000002c510000)]
  0x000000001a24e800 JavaThread "stderr" [_thread_in_native, id=4760, stack(0x000000002c310000,0x000000002c410000)]
  0x000000001db87800 JavaThread "WorkerExecutor Queue Thread 5" [_thread_blocked, id=12268, stack(0x000000002c210000,0x000000002c310000)]
  0x000000001db86800 JavaThread "WorkerExecutor Queue Thread 4" [_thread_blocked, id=4464, stack(0x000000002c110000,0x000000002c210000)]
  0x000000001db86000 JavaThread "pool-6-thread-1" [_thread_blocked, id=2156, stack(0x000000002c010000,0x000000002c110000)]
  0x000000001db85000 JavaThread "WorkerExecutor Queue Thread 3" [_thread_blocked, id=13220, stack(0x000000002bf10000,0x000000002c010000)]
  0x000000001db84800 JavaThread "WorkerExecutor Queue Thread 2" [_thread_blocked, id=6948, stack(0x000000002b970000,0x000000002ba70000)]
  0x000000001db83800 JavaThread "WorkerExecutor Queue" [_thread_blocked, id=2544, stack(0x00000000286a0000,0x00000000287a0000)]
  0x000000001db81800 JavaThread "Cache worker for execution history cache (C:\Users\ABHIJEET\AndroidStudioProjects\SimpleCalculatorButtonformat\.gradle\6.5\executionHistory)" [_thread_blocked, id=1972, stack(0x000000002b870000,0x000000002b970000)]
  0x000000001db7a000 JavaThread "Execution worker for ':' Thread 7" [_thread_blocked, id=12444, stack(0x000000002b770000,0x000000002b870000)]
  0x000000001db80800 JavaThread "Execution worker for ':' Thread 6" [_thread_blocked, id=3836, stack(0x000000002b570000,0x000000002b670000)]
  0x000000001db7f000 JavaThread "Execution worker for ':' Thread 5" [_thread_blocked, id=10172, stack(0x000000002b470000,0x000000002b570000)]
  0x000000001db7d800 JavaThread "Execution worker for ':' Thread 4" [_thread_in_Java, id=1932, stack(0x000000002aec0000,0x000000002afc0000)]
  0x000000001db7d000 JavaThread "Execution worker for ':' Thread 3" [_thread_blocked, id=11348, stack(0x000000002adc0000,0x000000002aec0000)]
  0x000000001db7e800 JavaThread "Execution worker for ':' Thread 2" [_thread_blocked, id=7612, stack(0x000000002acc0000,0x000000002adc0000)]
  0x000000001db7c000 JavaThread "Execution worker for ':'" [_thread_blocked, id=10868, stack(0x00000000287c0000,0x00000000288c0000)]
  0x000000001db7b800 JavaThread "Cache worker for file content cache (C:\Users\ABHIJEET\AndroidStudioProjects\SimpleCalculatorButtonformat\.gradle\6.5\fileContent)" [_thread_blocked, id=8980, stack(0x00000000282e0000,0x00000000283e0000)]
  0x000000001fe0e000 JavaThread "Cache worker for Build Output Cleanup Cache (C:\Users\ABHIJEET\AndroidStudioProjects\SimpleCalculatorButtonformat\.gradle\buildOutputCleanup)" [_thread_blocked, id=12616, stack(0x00000000280a0000,0x00000000281a0000)]
  0x000000001fe15000 JavaThread "Build operations Thread 8" [_thread_blocked, id=7728, stack(0x00000000222a0000,0x00000000223a0000)]
  0x000000001fe12000 JavaThread "Build operations Thread 7" [_thread_blocked, id=8644, stack(0x00000000221a0000,0x00000000222a0000)]
  0x000000001fe0d800 JavaThread "Build operations Thread 6" [_thread_blocked, id=13704, stack(0x00000000220a0000,0x00000000221a0000)]
  0x000000001fe12800 JavaThread "Build operations Thread 5" [_thread_blocked, id=13436, stack(0x0000000021fa0000,0x00000000220a0000)]
  0x000000001fe0c800 JavaThread "Build operations Thread 4" [_thread_blocked, id=1768, stack(0x0000000021ea0000,0x0000000021fa0000)]
  0x000000001fe11000 JavaThread "Build operations Thread 3" [_thread_blocked, id=1908, stack(0x0000000021da0000,0x0000000021ea0000)]
  0x000000001fe10800 JavaThread "Build operations Thread 2" [_thread_blocked, id=9940, stack(0x00000000215a0000,0x00000000216a0000)]
  0x000000001fe0f800 JavaThread "Build operations" [_thread_blocked, id=144, stack(0x00000000210a0000,0x00000000211a0000)]
  0x000000001fe0c000 JavaThread "Cache worker for cache directory md-rule (C:\Users\ABHIJEET\.gradle\caches\6.5\md-rule)" [_thread_blocked, id=2740, stack(0x0000000020ca0000,0x0000000020da0000)]
  0x000000001fe06000 JavaThread "Cache worker for cache directory md-supplier (C:\Users\ABHIJEET\.gradle\caches\6.5\md-supplier)" [_thread_blocked, id=9152, stack(0x000000001f950000,0x000000001fa50000)]
  0x000000001fe0b000 JavaThread "Cache worker for checksums cache (C:\Users\ABHIJEET\AndroidStudioProjects\SimpleCalculatorButtonformat\.gradle\checksums)" [_thread_blocked, id=10948, stack(0x000000001f850000,0x000000001f950000)]
  0x000000001fe0a800 JavaThread "Cache worker for file hash cache (C:\Users\ABHIJEET\AndroidStudioProjects\SimpleCalculatorButtonformat\.gradle\6.5\fileHashes)" [_thread_blocked, id=2596, stack(0x000000001ceb0000,0x000000001cfb0000)]
  0x000000001fe09800 JavaThread "Thread-264" [_thread_blocked, id=10348, stack(0x000000001cbb0000,0x000000001ccb0000)]
  0x000000001fe09000 JavaThread "Stdin handler" [_thread_blocked, id=12460, stack(0x000000001cab0000,0x000000001cbb0000)]
  0x000000001fe08000 JavaThread "Asynchronous log dispatcher for DefaultDaemonConnection: socket connection from /127.0.0.1:62375 to /127.0.0.1:62416" [_thread_blocked, id=9740, stack(0x000000001c9b0000,0x000000001cab0000)]
  0x000000001fe06800 JavaThread "Cancel handler" [_thread_blocked, id=9612, stack(0x0000000000be0000,0x0000000000ce0000)]
  0x000000001fe07800 JavaThread "Handler for socket connection from /127.0.0.1:62375 to /127.0.0.1:62416" [_thread_in_native, id=11728, stack(0x0000000000ae0000,0x0000000000be0000)]
  0x000000001a254800 JavaThread "jar transforms Thread 184" [_thread_blocked, id=2468, stack(0x0000000027fa0000,0x00000000280a0000)]
  0x000000001a251000 JavaThread "jar transforms Thread 183" [_thread_blocked, id=10248, stack(0x0000000027ea0000,0x0000000027fa0000)]
  0x000000001a24d000 JavaThread "jar transforms Thread 182" [_thread_blocked, id=10272, stack(0x0000000027da0000,0x0000000027ea0000)]
  0x0000000020253000 JavaThread "jar transforms Thread 181" [_thread_blocked, id=1536, stack(0x0000000027ca0000,0x0000000027da0000)]
  0x0000000020259000 JavaThread "jar transforms Thread 180" [_thread_blocked, id=11336, stack(0x0000000027ba0000,0x0000000027ca0000)]
  0x0000000020258000 JavaThread "jar transforms Thread 179" [_thread_blocked, id=9716, stack(0x0000000027aa0000,0x0000000027ba0000)]
  0x0000000020255000 JavaThread "jar transforms Thread 178" [_thread_blocked, id=13984, stack(0x00000000279a0000,0x0000000027aa0000)]
  0x0000000020256800 JavaThread "jar transforms Thread 177" [_thread_blocked, id=3248, stack(0x00000000278a0000,0x00000000279a0000)]
  0x0000000020254800 JavaThread "jar transforms Thread 176" [_thread_blocked, id=9616, stack(0x00000000277a0000,0x00000000278a0000)]
  0x0000000020257800 JavaThread "jar transforms Thread 175" [_thread_blocked, id=12316, stack(0x00000000276a0000,0x00000000277a0000)]
  0x0000000020252000 JavaThread "jar transforms Thread 174" [_thread_blocked, id=4296, stack(0x00000000275a0000,0x00000000276a0000)]
  0x0000000020256000 JavaThread "jar transforms Thread 173" [_thread_blocked, id=3740, stack(0x00000000274a0000,0x00000000275a0000)]
  0x0000000020253800 JavaThread "jar transforms Thread 172" [_thread_blocked, id=6124, stack(0x00000000273a0000,0x00000000274a0000)]
  0x000000002024a800 JavaThread "jar transforms Thread 171" [_thread_blocked, id=5596, stack(0x00000000272a0000,0x00000000273a0000)]
  0x000000002024d800 JavaThread "jar transforms Thread 170" [_thread_blocked, id=13724, stack(0x00000000271a0000,0x00000000272a0000)]
  0x0000000020251800 JavaThread "jar transforms Thread 169" [_thread_blocked, id=2864, stack(0x00000000270a0000,0x00000000271a0000)]
  0x0000000020249800 JavaThread "jar transforms Thread 168" [_thread_blocked, id=2308, stack(0x0000000026fa0000,0x00000000270a0000)]
  0x000000002024c800 JavaThread "jar transforms Thread 167" [_thread_blocked, id=10660, stack(0x0000000026ea0000,0x0000000026fa0000)]
  0x000000002024b000 JavaThread "jar transforms Thread 166" [_thread_blocked, id=11208, stack(0x0000000026da0000,0x0000000026ea0000)]
  0x000000002024e000 JavaThread "jar transforms Thread 165" [_thread_blocked, id=8488, stack(0x0000000026ca0000,0x0000000026da0000)]
  0x000000002024f800 JavaThread "jar transforms Thread 164" [_thread_blocked, id=11668, stack(0x0000000026ba0000,0x0000000026ca0000)]
  0x0000000020250800 JavaThread "jar transforms Thread 163" [_thread_blocked, id=4528, stack(0x0000000026aa0000,0x0000000026ba0000)]
  0x000000002024c000 JavaThread "jar transforms Thread 162" [_thread_blocked, id=9468, stack(0x00000000269a0000,0x0000000026aa0000)]
  0x000000002024f000 JavaThread "jar transforms Thread 161" [_thread_blocked, id=13788, stack(0x00000000268a0000,0x00000000269a0000)]
  0x000000001a3c6000 JavaThread "jar transforms Thread 160" [_thread_blocked, id=10368, stack(0x00000000267a0000,0x00000000268a0000)]
  0x000000001a3c5800 JavaThread "jar transforms Thread 159" [_thread_blocked, id=8908, stack(0x00000000266a0000,0x00000000267a0000)]
  0x000000001a3c3800 JavaThread "jar transforms Thread 158" [_thread_blocked, id=3736, stack(0x00000000265a0000,0x00000000266a0000)]
  0x000000001a3c4800 JavaThread "jar transforms Thread 157" [_thread_blocked, id=11852, stack(0x00000000264a0000,0x00000000265a0000)]
  0x000000001a3bc000 JavaThread "jar transforms Thread 156" [_thread_blocked, id=13808, stack(0x00000000263a0000,0x00000000264a0000)]
  0x000000001a3c1800 JavaThread "jar transforms Thread 155" [_thread_blocked, id=6128, stack(0x00000000262a0000,0x00000000263a0000)]
  0x000000001a3c0000 JavaThread "jar transforms Thread 154" [_thread_blocked, id=14204, stack(0x00000000261a0000,0x00000000262a0000)]
  0x000000001a3c0800 JavaThread "jar transforms Thread 153" [_thread_blocked, id=1352, stack(0x00000000260a0000,0x00000000261a0000)]
  0x000000001a3c3000 JavaThread "jar transforms Thread 152" [_thread_blocked, id=4204, stack(0x0000000025fa0000,0x00000000260a0000)]
  0x000000001a3c2000 JavaThread "jar transforms Thread 151" [_thread_blocked, id=6008, stack(0x0000000025ea0000,0x0000000025fa0000)]
  0x000000001a3b8800 JavaThread "jar transforms Thread 150" [_thread_blocked, id=12112, stack(0x0000000025da0000,0x0000000025ea0000)]
  0x000000001a3bf000 JavaThread "jar transforms Thread 149" [_thread_blocked, id=8432, stack(0x0000000025ca0000,0x0000000025da0000)]
  0x000000001a3bb800 JavaThread "jar transforms Thread 148" [_thread_blocked, id=12224, stack(0x0000000025ba0000,0x0000000025ca0000)]
  0x000000001a3b7800 JavaThread "jar transforms Thread 147" [_thread_blocked, id=6500, stack(0x0000000025aa0000,0x0000000025ba0000)]
  0x000000001a3ba800 JavaThread "jar transforms Thread 146" [_thread_blocked, id=260, stack(0x00000000259a0000,0x0000000025aa0000)]
  0x000000001a3be800 JavaThread "jar transforms Thread 145" [_thread_blocked, id=13632, stack(0x00000000258a0000,0x00000000259a0000)]
  0x000000001a3b7000 JavaThread "jar transforms Thread 144" [_thread_blocked, id=12560, stack(0x00000000257a0000,0x00000000258a0000)]
  0x000000001a3b9000 JavaThread "jar transforms Thread 143" [_thread_blocked, id=3216, stack(0x00000000256a0000,0x00000000257a0000)]
  0x000000001a3ba000 JavaThread "jar transforms Thread 142" [_thread_blocked, id=11132, stack(0x00000000255a0000,0x00000000256a0000)]
  0x000000001a3bd800 JavaThread "jar transforms Thread 141" [_thread_blocked, id=10872, stack(0x00000000254a0000,0x00000000255a0000)]
  0x000000001a3bd000 JavaThread "jar transforms Thread 140" [_thread_blocked, id=2528, stack(0x00000000253a0000,0x00000000254a0000)]
  0x000000001e004800 JavaThread "jar transforms Thread 139" [_thread_blocked, id=12376, stack(0x00000000252a0000,0x00000000253a0000)]
  0x000000001dfff800 JavaThread "jar transforms Thread 138" [_thread_blocked, id=2444, stack(0x00000000251a0000,0x00000000252a0000)]
  0x000000001e003000 JavaThread "jar transforms Thread 137" [_thread_blocked, id=12244, stack(0x00000000250a0000,0x00000000251a0000)]
  0x000000001e002800 JavaThread "jar transforms Thread 136" [_thread_blocked, id=7444, stack(0x0000000024fa0000,0x00000000250a0000)]
  0x000000001e001000 JavaThread "jar transforms Thread 135" [_thread_blocked, id=2872, stack(0x0000000024ea0000,0x0000000024fa0000)]
  0x000000001e005800 JavaThread "jar transforms Thread 134" [_thread_blocked, id=13132, stack(0x0000000024da0000,0x0000000024ea0000)]
  0x000000001e004000 JavaThread "jar transforms Thread 133" [_thread_blocked, id=13800, stack(0x0000000024ca0000,0x0000000024da0000)]
  0x000000001e000000 JavaThread "jar transforms Thread 132" [_thread_blocked, id=12644, stack(0x0000000024ba0000,0x0000000024ca0000)]
  0x000000001e001800 JavaThread "jar transforms Thread 131" [_thread_blocked, id=7368, stack(0x0000000024aa0000,0x0000000024ba0000)]
  0x000000001dffe800 JavaThread "jar transforms Thread 130" [_thread_blocked, id=14220, stack(0x00000000249a0000,0x0000000024aa0000)]
  0x000000001a536000 JavaThread "jar transforms Thread 129" [_thread_blocked, id=2404, stack(0x00000000248a0000,0x00000000249a0000)]
  0x000000001a53a800 JavaThread "jar transforms Thread 128" [_thread_blocked, id=13048, stack(0x00000000247a0000,0x00000000248a0000)]
  0x000000001a537000 JavaThread "jar transforms Thread 127" [_thread_blocked, id=7148, stack(0x00000000246a0000,0x00000000247a0000)]
  0x000000001a538800 JavaThread "jar transforms Thread 126" [_thread_blocked, id=14116, stack(0x00000000245a0000,0x00000000246a0000)]
  0x000000001a53d000 JavaThread "jar transforms Thread 125" [_thread_blocked, id=2540, stack(0x00000000244a0000,0x00000000245a0000)]
  0x000000001f0aa800 JavaThread "jar transforms Thread 124" [_thread_blocked, id=10924, stack(0x00000000243a0000,0x00000000244a0000)]
  0x000000001f0ab800 JavaThread "jar transforms Thread 123" [_thread_blocked, id=3532, stack(0x00000000242a0000,0x00000000243a0000)]
  0x000000001f0a8800 JavaThread "jar transforms Thread 122" [_thread_blocked, id=10116, stack(0x00000000241a0000,0x00000000242a0000)]
  0x000000001f0a7800 JavaThread "jar transforms Thread 121" [_thread_blocked, id=13440, stack(0x00000000240a0000,0x00000000241a0000)]
  0x000000001f0a7000 JavaThread "jar transforms Thread 120" [_thread_blocked, id=4888, stack(0x0000000023fa0000,0x00000000240a0000)]
  0x000000001f0a6000 JavaThread "jar transforms Thread 119" [_thread_blocked, id=4156, stack(0x0000000023ea0000,0x0000000023fa0000)]
  0x000000001f09e800 JavaThread "jar transforms Thread 118" [_thread_blocked, id=4872, stack(0x0000000023da0000,0x0000000023ea0000)]
  0x000000001f09e000 JavaThread "jar transforms Thread 117" [_thread_blocked, id=10108, stack(0x0000000023ca0000,0x0000000023da0000)]
  0x000000001f0a4800 JavaThread "jar transforms Thread 116" [_thread_blocked, id=5612, stack(0x0000000023ba0000,0x0000000023ca0000)]
  0x000000001f09d000 JavaThread "jar transforms Thread 115" [_thread_blocked, id=11048, stack(0x0000000023aa0000,0x0000000023ba0000)]
  0x000000001f0a3000 JavaThread "jar transforms Thread 114" [_thread_blocked, id=11056, stack(0x00000000239a0000,0x0000000023aa0000)]
  0x000000001f0a2800 JavaThread "jar transforms Thread 113" [_thread_blocked, id=11392, stack(0x00000000238a0000,0x00000000239a0000)]
  0x000000001f0a4000 JavaThread "jar transforms Thread 112" [_thread_blocked, id=8356, stack(0x00000000237a0000,0x00000000238a0000)]
  0x000000001f0a1800 JavaThread "jar transforms Thread 111" [_thread_blocked, id=7568, stack(0x00000000236a0000,0x00000000237a0000)]
  0x000000001f0a1000 JavaThread "jar transforms Thread 110" [_thread_blocked, id=4628, stack(0x00000000235a0000,0x00000000236a0000)]
  0x000000001dd63000 JavaThread "jar transforms Thread 109" [_thread_blocked, id=2600, stack(0x00000000234a0000,0x00000000235a0000)]
  0x000000001dd62800 JavaThread "jar transforms Thread 108" [_thread_blocked, id=6900, stack(0x00000000233a0000,0x00000000234a0000)]
  0x000000001dd61800 JavaThread "jar transforms Thread 107" [_thread_blocked, id=7092, stack(0x00000000232a0000,0x00000000233a0000)]
  0x000000001dd61000 JavaThread "jar transforms Thread 106" [_thread_blocked, id=13020, stack(0x00000000231a0000,0x00000000232a0000)]
  0x000000001dd5f800 JavaThread "jar transforms Thread 105" [_thread_blocked, id=9592, stack(0x00000000230a0000,0x00000000231a0000)]
  0x000000001dd60000 JavaThread "jar transforms Thread 104" [_thread_blocked, id=10748, stack(0x0000000022fa0000,0x00000000230a0000)]
  0x000000001dd5e800 JavaThread "jar transforms Thread 103" [_thread_blocked, id=14316, stack(0x0000000022ea0000,0x0000000022fa0000)]
  0x000000001dd5e000 JavaThread "jar transforms Thread 102" [_thread_blocked, id=11012, stack(0x0000000022da0000,0x0000000022ea0000)]
  0x000000001dd56000 JavaThread "jar transforms Thread 101" [_thread_blocked, id=5436, stack(0x0000000022ca0000,0x0000000022da0000)]
  0x000000001dd5d000 JavaThread "jar transforms Thread 100" [_thread_blocked, id=1504, stack(0x0000000022ba0000,0x0000000022ca0000)]
  0x000000001dd57800 JavaThread "jar transforms Thread 99" [_thread_blocked, id=8800, stack(0x0000000022aa0000,0x0000000022ba0000)]
  0x000000001dd57000 JavaThread "jar transforms Thread 98" [_thread_blocked, id=8548, stack(0x00000000229a0000,0x0000000022aa0000)]
  0x000000001dd5c800 JavaThread "jar transforms Thread 97" [_thread_blocked, id=8792, stack(0x00000000228a0000,0x00000000229a0000)]
  0x000000001dd59000 JavaThread "jar transforms Thread 96" [_thread_blocked, id=12800, stack(0x00000000227a0000,0x00000000228a0000)]
  0x000000001dd54800 JavaThread "jar transforms Thread 95" [_thread_blocked, id=14228, stack(0x00000000226a0000,0x00000000227a0000)]
  0x000000001dd5b800 JavaThread "jar transforms Thread 94" [_thread_blocked, id=1456, stack(0x00000000224a0000,0x00000000225a0000)]
  0x000000001dd54000 JavaThread "jar transforms Thread 93" [_thread_blocked, id=1668, stack(0x00000000223a0000,0x00000000224a0000)]
  0x000000001db7a800 JavaThread "Daemon worker Thread 2" [_thread_blocked, id=7088, stack(0x000000001c8b0000,0x000000001c9b0000)]
  0x000000001db80000 JavaThread "Daemon Thread 2" [_thread_blocked, id=11340, stack(0x00000000008d0000,0x00000000009d0000)]
  0x000000001f0a0000 JavaThread "Memory manager" [_thread_blocked, id=9424, stack(0x00000000281e0000,0x00000000282e0000)]
  0x000000001a539000 JavaThread "Cache worker for file content cache (C:\Users\ABHIJEET\.gradle\caches\6.5\fileContent)" [_thread_blocked, id=6884, stack(0x00000000216a0000,0x00000000217a0000)]
  0x000000001a53b800 JavaThread "Cache worker for execution history cache (C:\Users\ABHIJEET\.gradle\caches\6.5\executionHistory)" [_thread_blocked, id=9288, stack(0x0000000020da0000,0x0000000020ea0000)]
  0x000000001a537800 JavaThread "Cache worker for file hash cache (C:\Users\ABHIJEET\.gradle\caches\6.5\fileHashes)" [_thread_blocked, id=9640, stack(0x000000001d3b0000,0x000000001d4b0000)]
  0x000000001a53c000 JavaThread "File lock request listener" [_thread_in_native, id=11896, stack(0x000000001d2b0000,0x000000001d3b0000)]
  0x000000001a3d7000 JavaThread "Cache worker for journal cache (C:\Users\ABHIJEET\.gradle\caches\journal-1)" [_thread_blocked, id=12512, stack(0x000000001d1b0000,0x000000001d2b0000)]
  0x0000000019d48000 JavaThread "Daemon periodic checks" [_thread_blocked, id=12812, stack(0x000000001c5b0000,0x000000001c6b0000)]
  0x0000000019d45000 JavaThread "Incoming local TCP Connector on port 62375" [_thread_in_native, id=2900, stack(0x000000001c370000,0x000000001c470000)]
  0x000000001adba800 JavaThread "Daemon health stats" [_thread_blocked, id=13244, stack(0x000000001bd30000,0x000000001be30000)]
  0x000000001854d000 JavaThread "Service Thread" daemon [_thread_blocked, id=7036, stack(0x0000000019190000,0x0000000019290000)]
  0x00000000184cf000 JavaThread "C1 CompilerThread3" daemon [_thread_blocked, id=14284, stack(0x0000000019090000,0x0000000019190000)]
  0x00000000166ce800 JavaThread "C2 CompilerThread2" daemon [_thread_in_native, id=9368, stack(0x0000000018f90000,0x0000000019090000)]
=>0x00000000166cd000 JavaThread "C2 CompilerThread1" daemon [_thread_in_native, id=1728, stack(0x0000000018e90000,0x0000000018f90000)]
  0x00000000184c3800 JavaThread "C2 CompilerThread0" daemon [_thread_in_native, id=9884, stack(0x0000000018d90000,0x0000000018e90000)]
  0x00000000184c3000 JavaThread "Attach Listener" daemon [_thread_blocked, id=5224, stack(0x0000000018c90000,0x0000000018d90000)]
  0x00000000184c5800 JavaThread "Signal Dispatcher" daemon [_thread_blocked, id=8632, stack(0x0000000018b90000,0x0000000018c90000)]
  0x00000000028fe000 JavaThread "Finalizer" daemon [_thread_blocked, id=11956, stack(0x0000000018990000,0x0000000018a90000)]
  0x00000000028f7000 JavaThread "Reference Handler" daemon [_thread_blocked, id=13332, stack(0x0000000018890000,0x0000000018990000)]
  0x00000000027fe000 JavaThread "main" [_thread_blocked, id=12564, stack(0x0000000002610000,0x0000000002710000)]

Other Threads:
  0x00000000166b6000 VMThread [stack: 0x0000000018390000,0x0000000018490000] [id=13240]
  0x000000001854e000 WatcherThread [stack: 0x0000000019290000,0x0000000019390000] [id=3680]

VM state:not at safepoint (normal execution)

VM Mutex/Monitor currently owned by a thread: None

heap address: 0x00000000a0000000, size: 1536 MB, Compressed Oops mode: 32-bit
Narrow klass base: 0x0000000000000000, Narrow klass shift: 3
Compressed class space size: 1073741824 Address: 0x0000000100000000

Heap:
 PSYoungGen      total 296960K, used 143332K [0x00000000e0000000, 0x00000000f4080000, 0x0000000100000000)
  eden space 282112K, 45% used [0x00000000e0000000,0x00000000e7dd7ee8,0x00000000f1380000)
  from space 14848K, 97% used [0x00000000f3200000,0x00000000f4021350,0x00000000f4080000)
  to   space 22528K, 0% used [0x00000000f1480000,0x00000000f1480000,0x00000000f2a80000)
 ParOldGen       total 105472K, used 29642K [0x00000000a0000000, 0x00000000a6700000, 0x00000000e0000000)
  object space 105472K, 28% used [0x00000000a0000000,0x00000000a1cf2988,0x00000000a6700000)
 Metaspace       used 70863K, capacity 74694K, committed 74904K, reserved 1114112K
  class space    used 9384K, capacity 10112K, committed 10160K, reserved 1048576K

Card table byte_map: [0x0000000011cc0000,0x0000000011fd0000] byte_map_base: 0x00000000117c0000

Marking Bits: (ParMarkBitMap*) 0x000000006c4cf030
 Begin Bits: [0x00000000129d0000, 0x00000000141d0000)
 End Bits:   [0x00000000141d0000, 0x00000000159d0000)

Polling page: 0x0000000000dc0000

CodeCache: size=245760Kb used=30064Kb max_used=30075Kb free=215695Kb
 bounds [0x0000000002900000, 0x0000000004690000, 0x0000000011900000]
 total_blobs=10188 nmethods=9394 adapters=706
 compilation: enabled

Compilation events (10 events):
Event: 119.943 Thread 0x00000000184cf000 11097       3       org.gradle.internal.work.DefaultWorkerLeaseService::releaseLocks (15 bytes)
Event: 119.943 Thread 0x00000000184c3800 nmethod 11093 0x0000000004684bd0 code [0x0000000004684d40, 0x0000000004684f58]
Event: 119.943 Thread 0x00000000184c3800 11095   !   4       java.util.concurrent.locks.AbstractQueuedSynchronizer::fullyRelease (54 bytes)
Event: 119.943 Thread 0x00000000184cf000 nmethod 11097 0x0000000004683bd0 code [0x0000000004683d60, 0x00000000046840c8]
Event: 119.944 Thread 0x00000000184cf000 11098       3       java.util.concurrent.atomic.AtomicReference::set (6 bytes)
Event: 119.944 Thread 0x00000000184cf000 nmethod 11098 0x000000000467abd0 code [0x000000000467ad20, 0x000000000467ae90]
Event: 119.945 Thread 0x00000000184cf000 11099       3       com.google.common.collect.FluentIterable::concatNoDefensiveCopy (38 bytes)
Event: 119.945 Thread 0x00000000184cf000 nmethod 11099 0x0000000004683110 code [0x00000000046832c0, 0x0000000004683868]
Event: 119.948 Thread 0x00000000184c3800 nmethod 11095 0x0000000004681690 code [0x00000000046817e0, 0x00000000046819c8]
Event: 119.948 Thread 0x00000000184c3800 11096   !   4       java.lang.Class::getSimpleBinaryName (38 bytes)

GC Heap History (10 events):
Event: 14.289 GC heap before
{Heap before GC invocations=13 (full 2):
 PSYoungGen      total 182784K, used 182545K [0x00000000e0000000, 0x00000000ecb00000, 0x0000000100000000)
  eden space 173056K, 100% used [0x00000000e0000000,0x00000000ea900000,0x00000000ea900000)
  from space 9728K, 97% used [0x00000000ec180000,0x00000000ecac45c8,0x00000000ecb00000)
  to   space 12800K, 0% used [0x00000000eb200000,0x00000000eb200000,0x00000000ebe80000)
 ParOldGen       total 69632K, used 17462K [0x00000000a0000000, 0x00000000a4400000, 0x00000000e0000000)
  object space 69632K, 25% used [0x00000000a0000000,0x00000000a110d8a8,0x00000000a4400000)
 Metaspace       used 55393K, capacity 57692K, committed 58024K, reserved 1099776K
  class space    used 7542K, capacity 8021K, committed 8112K, reserved 1048576K
Event: 14.313 GC heap after
Heap after GC invocations=13 (full 2):
 PSYoungGen      total 195072K, used 12774K [0x00000000e0000000, 0x00000000f0c80000, 0x0000000100000000)
  eden space 182272K, 0% used [0x00000000e0000000,0x00000000e0000000,0x00000000eb200000)
  from space 12800K, 99% used [0x00000000eb200000,0x00000000ebe79b28,0x00000000ebe80000)
  to   space 19968K, 0% used [0x00000000ef900000,0x00000000ef900000,0x00000000f0c80000)
 ParOldGen       total 69632K, used 31574K [0x00000000a0000000, 0x00000000a4400000, 0x00000000e0000000)
  object space 69632K, 45% used [0x00000000a0000000,0x00000000a1ed5bf8,0x00000000a4400000)
 Metaspace       used 55393K, capacity 57692K, committed 58024K, reserved 1099776K
  class space    used 7542K, capacity 8021K, committed 8112K, reserved 1048576K
}
Event: 14.492 GC heap before
{Heap before GC invocations=14 (full 2):
 PSYoungGen      total 195072K, used 32130K [0x00000000e0000000, 0x00000000f0c80000, 0x0000000100000000)
  eden space 182272K, 10% used [0x00000000e0000000,0x00000000e12e6e60,0x00000000eb200000)
  from space 12800K, 99% used [0x00000000eb200000,0x00000000ebe79b28,0x00000000ebe80000)
  to   space 19968K, 0% used [0x00000000ef900000,0x00000000ef900000,0x00000000f0c80000)
 ParOldGen       total 69632K, used 31574K [0x00000000a0000000, 0x00000000a4400000, 0x00000000e0000000)
  object space 69632K, 45% used [0x00000000a0000000,0x00000000a1ed5bf8,0x00000000a4400000)
 Metaspace       used 56620K, capacity 58952K, committed 59160K, reserved 1099776K
  class space    used 7744K, capacity 8209K, committed 8240K, reserved 1048576K
Event: 14.503 GC heap after
Heap after GC invocations=14 (full 2):
 PSYoungGen      total 254976K, used 1760K [0x00000000e0000000, 0x00000000f2200000, 0x0000000100000000)
  eden space 235008K, 0% used [0x00000000e0000000,0x00000000e0000000,0x00000000ee580000)
  from space 19968K, 8% used [0x00000000ef900000,0x00000000efab8000,0x00000000f0c80000)
  to   space 19968K, 0% used [0x00000000ee580000,0x00000000ee580000,0x00000000ef900000)
 ParOldGen       total 69632K, used 42349K [0x00000000a0000000, 0x00000000a4400000, 0x00000000e0000000)
  object space 69632K, 60% used [0x00000000a0000000,0x00000000a295b760,0x00000000a4400000)
 Metaspace       used 56620K, capacity 58952K, committed 59160K, reserved 1099776K
  class space    used 7744K, capacity 8209K, committed 8240K, reserved 1048576K
}
Event: 14.503 GC heap before
{Heap before GC invocations=15 (full 3):
 PSYoungGen      total 254976K, used 1760K [0x00000000e0000000, 0x00000000f2200000, 0x0000000100000000)
  eden space 235008K, 0% used [0x00000000e0000000,0x00000000e0000000,0x00000000ee580000)
  from space 19968K, 8% used [0x00000000ef900000,0x00000000efab8000,0x00000000f0c80000)
  to   space 19968K, 0% used [0x00000000ee580000,0x00000000ee580000,0x00000000ef900000)
 ParOldGen       total 69632K, used 42349K [0x00000000a0000000, 0x00000000a4400000, 0x00000000e0000000)
  object space 69632K, 60% used [0x00000000a0000000,0x00000000a295b760,0x00000000a4400000)
 Metaspace       used 56620K, capacity 58952K, committed 59160K, reserved 1099776K
  class space    used 7744K, capacity 8209K, committed 8240K, reserved 1048576K
Event: 14.806 GC heap after
Heap after GC invocations=15 (full 3):
 PSYoungGen      total 254976K, used 0K [0x00000000e0000000, 0x00000000f2200000, 0x0000000100000000)
  eden space 235008K, 0% used [0x00000000e0000000,0x00000000e0000000,0x00000000ee580000)
  from space 19968K, 0% used [0x00000000ef900000,0x00000000ef900000,0x00000000f0c80000)
  to   space 19968K, 0% used [0x00000000ee580000,0x00000000ee580000,0x00000000ef900000)
 ParOldGen       total 105472K, used 29626K [0x00000000a0000000, 0x00000000a6700000, 0x00000000e0000000)
  object space 105472K, 28% used [0x00000000a0000000,0x00000000a1cee988,0x00000000a6700000)
 Metaspace       used 56574K, capacity 58796K, committed 59160K, reserved 1099776K
  class space    used 7729K, capacity 8183K, committed 8240K, reserved 1048576K
}
Event: 18.587 GC heap before
{Heap before GC invocations=16 (full 3):
 PSYoungGen      total 254976K, used 235008K [0x00000000e0000000, 0x00000000f2200000, 0x0000000100000000)
  eden space 235008K, 100% used [0x00000000e0000000,0x00000000ee580000,0x00000000ee580000)
  from space 19968K, 0% used [0x00000000ef900000,0x00000000ef900000,0x00000000f0c80000)
  to   space 19968K, 0% used [0x00000000ee580000,0x00000000ee580000,0x00000000ef900000)
 ParOldGen       total 105472K, used 29626K [0x00000000a0000000, 0x00000000a6700000, 0x00000000e0000000)
  object space 105472K, 28% used [0x00000000a0000000,0x00000000a1cee988,0x00000000a6700000)
 Metaspace       used 67683K, capacity 71260K, committed 71320K, reserved 1110016K
  class space    used 9225K, capacity 9891K, committed 9904K, reserved 1048576K
Event: 18.607 GC heap after
Heap after GC invocations=16 (full 3):
 PSYoungGen      total 254976K, used 17103K [0x00000000e0000000, 0x00000000f4780000, 0x0000000100000000)
  eden space 235008K, 0% used [0x00000000e0000000,0x00000000e0000000,0x00000000ee580000)
  from space 19968K, 85% used [0x00000000ee580000,0x00000000ef633cc8,0x00000000ef900000)
  to   space 22016K, 0% used [0x00000000f3200000,0x00000000f3200000,0x00000000f4780000)
 ParOldGen       total 105472K, used 29634K [0x00000000a0000000, 0x00000000a6700000, 0x00000000e0000000)
  object space 105472K, 28% used [0x00000000a0000000,0x00000000a1cf0988,0x00000000a6700000)
 Metaspace       used 67683K, capacity 71260K, committed 71320K, reserved 1110016K
  class space    used 9225K, capacity 9891K, committed 9904K, reserved 1048576K
}
Event: 118.150 GC heap before
{Heap before GC invocations=17 (full 3):
 PSYoungGen      total 254976K, used 252111K [0x00000000e0000000, 0x00000000f4780000, 0x0000000100000000)
  eden space 235008K, 100% used [0x00000000e0000000,0x00000000ee580000,0x00000000ee580000)
  from space 19968K, 85% used [0x00000000ee580000,0x00000000ef633cc8,0x00000000ef900000)
  to   space 22016K, 0% used [0x00000000f3200000,0x00000000f3200000,0x00000000f4780000)
 ParOldGen       total 105472K, used 29634K [0x00000000a0000000, 0x00000000a6700000, 0x00000000e0000000)
  object space 105472K, 28% used [0x00000000a0000000,0x00000000a1cf0988,0x00000000a6700000)
 Metaspace       used 70525K, capacity 74224K, committed 74392K, reserved 1114112K
  class space    used 9371K, capacity 10087K, committed 10160K, reserved 1048576K
Event: 118.175 GC heap after
Heap after GC invocations=17 (full 3):
 PSYoungGen      total 296960K, used 14468K [0x00000000e0000000, 0x00000000f4080000, 0x0000000100000000)
  eden space 282112K, 0% used [0x00000000e0000000,0x00000000e0000000,0x00000000f1380000)
  from space 14848K, 97% used [0x00000000f3200000,0x00000000f4021350,0x00000000f4080000)
  to   space 22528K, 0% used [0x00000000f1480000,0x00000000f1480000,0x00000000f2a80000)
 ParOldGen       total 105472K, used 29642K [0x00000000a0000000, 0x00000000a6700000, 0x00000000e0000000)
  object space 105472K, 28% used [0x00000000a0000000,0x00000000a1cf2988,0x00000000a6700000)
 Metaspace       used 70525K, capacity 74224K, committed 74392K, reserved 1114112K
  class space    used 9371K, capacity 10087K, committed 10160K, reserved 1048576K
}

Deoptimization events (10 events):
Event: 118.210 Thread 0x000000001db7a800 Uncommon trap: reason=array_check action=maybe_recompile pc=0x00000000044fbbc4 method=com.google.common.collect.ImmutableSet.construct(I[Ljava/lang/Object;)Lcom/google/common/collect/ImmutableSet; @ 122
Event: 118.254 Thread 0x000000001db7c000 Uncommon trap: reason=class_check action=maybe_recompile pc=0x0000000004213954 method=com.sun.org.apache.xerces.internal.impl.XMLEntityManager.setProperty(Ljava/lang/String;Ljava/lang/Object;)V @ 102
Event: 118.257 Thread 0x000000001db7c000 Uncommon trap: reason=unstable_if action=reinterpret pc=0x0000000003af1c4c method=com.google.common.collect.MapMakerInternalMap$Segment.getEntry(Ljava/lang/Object;I)Lcom/google/common/collect/MapMakerInternalMap$InternalEntry; @ 40
Event: 118.257 Thread 0x000000001db7c000 Uncommon trap: reason=unstable_if action=reinterpret pc=0x0000000003acb8d4 method=com.google.common.collect.MapMakerInternalMap$Segment.drainKeyReferenceQueue(Ljava/lang/ref/ReferenceQueue;)V @ 8
Event: 118.322 Thread 0x000000001fe0c800 Uncommon trap: reason=unstable_if action=reinterpret pc=0x00000000036b898c method=java.util.concurrent.ConcurrentHashMap.addCount(JI)V @ 97
Event: 118.414 Thread 0x000000001fe0f800 Uncommon trap: reason=unstable_if action=reinterpret pc=0x0000000002a88354 method=java.util.concurrent.locks.ReentrantLock$Sync.nonfairTryAcquire(I)Z @ 19
Event: 118.986 Thread 0x000000001db7c000 Uncommon trap: reason=class_check action=maybe_recompile pc=0x0000000004189eac method=com.sun.org.apache.xerces.internal.dom.ElementNSImpl.getLocalName()Ljava/lang/String; @ 8
Event: 118.986 Thread 0x000000001db7c000 Uncommon trap: reason=class_check action=maybe_recompile pc=0x0000000004189eac method=com.sun.org.apache.xerces.internal.dom.ElementNSImpl.getLocalName()Ljava/lang/String; @ 8
Event: 118.986 Thread 0x000000001db7c000 Uncommon trap: reason=class_check action=maybe_recompile pc=0x0000000004189eac method=com.sun.org.apache.xerces.internal.dom.ElementNSImpl.getLocalName()Ljava/lang/String; @ 8
Event: 118.986 Thread 0x000000001db7c000 Uncommon trap: reason=class_check action=maybe_recompile pc=0x0000000004189eac method=com.sun.org.apache.xerces.internal.dom.ElementNSImpl.getLocalName()Ljava/lang/String; @ 8

Classes redefined (0 events):
No events

Internal exceptions (10 events):
Event: 82.423 Thread 0x000000001a25b800 Exception <a 'java/lang/NoSuchMethodError': <clinit>> (0x00000000e8a27a80) thrown at [C:\src\AOSP-openjdk-git\hotspot\src\share\vm\prims\jni.cpp, line 1615]
Event: 82.426 Thread 0x000000001a25b800 Exception <a 'java/lang/NoSuchMethodError': <clinit>> (0x00000000e8a3d008) thrown at [C:\src\AOSP-openjdk-git\hotspot\src\share\vm\prims\jni.cpp, line 1615]
Event: 83.400 Thread 0x000000001a252800 Exception <a 'sun/nio/fs/WindowsException'> (0x00000000eb9e9790) thrown at [C:\src\AOSP-openjdk-git\hotspot\src\share\vm\prims\jni.cpp, line 710]
Event: 83.400 Thread 0x000000001a252800 Exception <a 'sun/nio/fs/WindowsException'> (0x00000000eb9ea4e0) thrown at [C:\src\AOSP-openjdk-git\hotspot\src\share\vm\prims\jni.cpp, line 710]
Event: 109.425 Thread 0x000000001f0a0000 Exception <a 'java/lang/NoSuchMethodError': java.lang.Object.lambda$comparingInt$7b0bb60$1(Ljava/util/function/ToIntFunction;Ljava/lang/Object;Ljava/lang/Object;)I> (0x00000000ecdbfae0) thrown at [C:\src\AOSP-openjdk-git\hotspot\src\share\vm\interpreter\l
Event: 118.129 Thread 0x000000001db7a800 Exception <a 'sun/nio/fs/WindowsException'> (0x00000000ee385818) thrown at [C:\src\AOSP-openjdk-git\hotspot\src\share\vm\prims\jni.cpp, line 710]
Event: 118.192 Thread 0x000000001db7a800 Implicit null exception at 0x000000000355e1a7 to 0x000000000355e649
Event: 118.257 Thread 0x000000001db7c000 Implicit null exception at 0x0000000003af0577 to 0x0000000003af1c25
Event: 119.879 Thread 0x000000001db7d800 Exception <a 'sun/nio/fs/WindowsException'> (0x00000000e768d608) thrown at [C:\src\AOSP-openjdk-git\hotspot\src\share\vm\prims\jni.cpp, line 710]
Event: 119.880 Thread 0x000000001db7d800 Exception <a 'sun/nio/fs/WindowsException'> (0x00000000e768e358) thrown at [C:\src\AOSP-openjdk-git\hotspot\src\share\vm\prims\jni.cpp, line 710]

Events (10 events):
Event: 119.507 Thread 0x000000001a250000 DEOPT PACKING pc=0x0000000002d8b20d sp=0x000000002ca0c980
Event: 119.507 Thread 0x000000001a250000 DEOPT UNPACKING pc=0x00000000029475d0 sp=0x000000002ca0c6c8 mode 0
Event: 119.509 Thread 0x000000001a25b800 Thread added: 0x000000001a25b800
Event: 119.509 Thread 0x000000001a25c000 Thread added: 0x000000001a25c000
Event: 119.515 Thread 0x000000001dde4000 Thread added: 0x000000001dde4000
Event: 119.516 Thread 0x000000001dde5000 Thread added: 0x000000001dde5000
Event: 119.608 Executing VM operation: RevokeBias
Event: 119.609 Executing VM operation: RevokeBias done
Event: 119.712 Thread 0x000000001dde5800 Thread added: 0x000000001dde5800
Event: 119.712 Thread 0x000000001dde1000 Thread added: 0x000000001dde1000


Dynamic libraries:
0x00007ff60a050000 - 0x00007ff60a081000 	C:\Program Files\Android\Android Studio\jre\bin\java.exe
0x00007ffd41c10000 - 0x00007ffd41e06000 	C:\WINDOWS\SYSTEM32\ntdll.dll
0x00007ffd40bd0000 - 0x00007ffd40c8d000 	C:\WINDOWS\System32\KERNEL32.DLL
0x00007ffd3f890000 - 0x00007ffd3fb59000 	C:\WINDOWS\System32\KERNELBASE.dll
0x00007ffd41070000 - 0x00007ffd4111c000 	C:\WINDOWS\System32\ADVAPI32.dll
0x00007ffd409e0000 - 0x00007ffd40a7e000 	C:\WINDOWS\System32\msvcrt.dll
0x00007ffd411d0000 - 0x00007ffd4126c000 	C:\WINDOWS\System32\sechost.dll
0x00007ffd40160000 - 0x00007ffd4028b000 	C:\WINDOWS\System32\RPCRT4.dll
0x00007ffd418c0000 - 0x00007ffd41a60000 	C:\WINDOWS\System32\USER32.dll
0x00007ffd3f860000 - 0x00007ffd3f882000 	C:\WINDOWS\System32\win32u.dll
0x00007ffd41a60000 - 0x00007ffd41a8a000 	C:\WINDOWS\System32\GDI32.dll
0x00007ffd3f6d0000 - 0x00007ffd3f7d9000 	C:\WINDOWS\System32\gdi32full.dll
0x00007ffd3f630000 - 0x00007ffd3f6cd000 	C:\WINDOWS\System32\msvcp_win.dll
0x00007ffd3f350000 - 0x00007ffd3f450000 	C:\WINDOWS\System32\ucrtbase.dll
0x00007ffd293c0000 - 0x00007ffd2965b000 	C:\WINDOWS\WinSxS\amd64_microsoft.windows.common-controls_6595b64144ccf1df_6.0.19041.488_none_ca04af081b815d21\COMCTL32.dll
0x00007ffd417c0000 - 0x00007ffd417f0000 	C:\WINDOWS\System32\IMM32.DLL
0x000000006c860000 - 0x000000006c932000 	C:\Program Files\Android\Android Studio\jre\jre\bin\msvcr100.dll
0x000000006bd00000 - 0x000000006c54b000 	C:\Program Files\Android\Android Studio\jre\jre\bin\server\jvm.dll
0x00007ffd417f0000 - 0x00007ffd417f8000 	C:\WINDOWS\System32\PSAPI.DLL
0x00007ffd3b6a0000 - 0x00007ffd3b6a9000 	C:\WINDOWS\SYSTEM32\WSOCK32.dll
0x00007ffd220b0000 - 0x00007ffd220d7000 	C:\WINDOWS\SYSTEM32\WINMM.dll
0x00007ffd3a860000 - 0x00007ffd3a86a000 	C:\WINDOWS\SYSTEM32\VERSION.dll
0x00007ffd40c90000 - 0x00007ffd40cfb000 	C:\WINDOWS\System32\WS2_32.dll
0x00007ffd39f70000 - 0x00007ffd39f7f000 	C:\Program Files\Android\Android Studio\jre\jre\bin\verify.dll
0x00007ffd2a300000 - 0x00007ffd2a329000 	C:\Program Files\Android\Android Studio\jre\jre\bin\java.dll
0x00007ffd2a220000 - 0x00007ffd2a236000 	C:\Program Files\Android\Android Studio\jre\jre\bin\zip.dll
0x00007ffd40290000 - 0x00007ffd409d2000 	C:\WINDOWS\System32\SHELL32.dll
0x00007ffd3d0e0000 - 0x00007ffd3d875000 	C:\WINDOWS\SYSTEM32\windows.storage.dll
0x00007ffd40d00000 - 0x00007ffd41056000 	C:\WINDOWS\System32\combase.dll
0x00007ffd3ecf0000 - 0x00007ffd3ed1c000 	C:\WINDOWS\SYSTEM32\Wldp.dll
0x00007ffd41120000 - 0x00007ffd411ce000 	C:\WINDOWS\System32\SHCORE.dll
0x00007ffd3ffd0000 - 0x00007ffd40025000 	C:\WINDOWS\System32\shlwapi.dll
0x00007ffd3f280000 - 0x00007ffd3f2a6000 	C:\WINDOWS\SYSTEM32\profapi.dll
0x00007ffd3b730000 - 0x00007ffd3b74a000 	C:\Program Files\Android\Android Studio\jre\jre\bin\net.dll
0x00007ffd3ea70000 - 0x00007ffd3eada000 	C:\WINDOWS\system32\mswsock.dll
0x00007ffd3b710000 - 0x00007ffd3b723000 	C:\Program Files\Android\Android Studio\jre\jre\bin\nio.dll
0x00007ffd2d690000 - 0x00007ffd2d6b7000 	C:\Users\ABHIJEET\.gradle\native\f6784746aeab05261644944871eae4fe03e0ef1612fff0a4a95f87b438bc6780\windows-amd64\native-platform.dll
0x00007ffd3b700000 - 0x00007ffd3b70d000 	C:\Program Files\Android\Android Studio\jre\jre\bin\management.dll
0x00007ffd3ec50000 - 0x00007ffd3ec68000 	C:\WINDOWS\SYSTEM32\CRYPTSP.dll
0x00007ffd3e400000 - 0x00007ffd3e434000 	C:\WINDOWS\system32\rsaenh.dll
0x00007ffd3f830000 - 0x00007ffd3f857000 	C:\WINDOWS\System32\bcrypt.dll
0x00007ffd3f190000 - 0x00007ffd3f1be000 	C:\WINDOWS\SYSTEM32\USERENV.dll
0x00007ffd3f5b0000 - 0x00007ffd3f630000 	C:\WINDOWS\System32\bcryptprimitives.dll
0x00007ffd3ec40000 - 0x00007ffd3ec4c000 	C:\WINDOWS\SYSTEM32\CRYPTBASE.dll
0x00007ffd3e760000 - 0x00007ffd3e79b000 	C:\WINDOWS\SYSTEM32\IPHLPAPI.DLL
0x00007ffd41060000 - 0x00007ffd41068000 	C:\WINDOWS\System32\NSI.dll
0x00007ffd3c500000 - 0x00007ffd3c517000 	C:\WINDOWS\SYSTEM32\dhcpcsvc6.DLL
0x00007ffd3c450000 - 0x00007ffd3c46d000 	C:\WINDOWS\SYSTEM32\dhcpcsvc.DLL
0x00007ffd3e7a0000 - 0x00007ffd3e86b000 	C:\WINDOWS\SYSTEM32\DNSAPI.dll
0x00007ffd38510000 - 0x00007ffd3851b000 	C:\WINDOWS\SYSTEM32\WINNSI.DLL

VM Arguments:
jvm_args: -Xmx1536m -Dfile.encoding=windows-1252 -Duser.country=IN -Duser.language=en -Duser.variant 
java_command: org.gradle.launcher.daemon.bootstrap.GradleDaemon 6.5
java_class_path (initial): C:\Users\ABHIJEET\.gradle\wrapper\dists\gradle-6.5-bin\6nifqtx7604sqp1q6g8wikw7p\gradle-6.5\lib\gradle-launcher-6.5.jar
Launcher Type: SUN_STANDARD

Environment Variables:
PATH=C:\Program Files\Common Files\Oracle\Java\javapath;C:\Program Files\Java\jdk-14.0.1\bin;C:\Program Files\NVIDIA Corporation\NVIDIA NvDLISR;C:\Program Files\nodejs\;C:\WINDOWS\system32;C:\WINDOWS;C:\WINDOWS\System32\Wbem;C:\WINDOWS\System32\WindowsPowerShell\v1.0\;C:\WINDOWS\System32\OpenSSH\;C:\Users\ABHIJEET\AppData\Local\Programs\Python\Python39-32\Scripts\;C:\Users\ABHIJEET\AppData\Local\Programs\Python\Python39-32\;C:\Users\ABHIJEET\AppData\Local\Microsoft\WindowsApps;C:\Users\ABHIJEET\AppData\Local\Programs\Microsoft VS Code\bin;C:\Users\ABHIJEET\AppData\Roaming\npm;
USERNAME=ABHIJEET
OS=Windows_NT
PROCESSOR_IDENTIFIER=Intel64 Family 6 Model 158 Stepping 10, GenuineIntel



---------------  S Y S T E M  ---------------

OS: Windows 10.0 , 64 bit Build 19041 (10.0.19041.662)

CPU:total 8 (initial active 8) (4 cores per cpu, 2 threads per core) family 6 model 158 stepping 10, cmov, cx8, fxsr, mmx, sse, sse2, sse3, ssse3, sse4.1, sse4.2, popcnt, avx, avx2, aes, clmul, erms, 3dnowpref, lzcnt, ht, tsc, tscinvbit, bmi1, bmi2, adx

Memory: 4k page, physical 8192556k(674592k free), swap 10752556k(5124k free)

vm_info: OpenJDK 64-Bit Server VM (25.242-b01) for windows-amd64 JRE (1.8.0_242-release-1644-b01), built by "builder" with MS VC++ 10.0 (VS2010)

time: Fri Jan 08 10:52:24 2021
timezone: India Standard Time
elapsed time: 119 seconds (0d 0h 1m 59s)

